<?xml version="1.0" encoding="UTF-8"?>
<testng-results skipped="0" failed="0" ignored="0" total="6" passed="6">
  <reporter-output>
  </reporter-output>
  <suite name="Suite1" duration-ms="974" started-at="2022-02-24T18:35:00Z" finished-at="2022-02-24T18:35:01Z">
    <groups>
      <group name="cucumber">
        <method signature="AbstractTestNGCucumberTests.runScenario(io.cucumber.testng.PickleWrapper, io.cucumber.testng.FeatureWrapper)[pri:0, instance:com.careerhack.runners.TestRunner@1fe20588]" name="runScenario" class="io.cucumber.testng.AbstractTestNGCucumberTests"/>
      </group> <!-- cucumber -->
    </groups>
    <test name="Nopackage" duration-ms="974" started-at="2022-02-24T18:35:00Z" finished-at="2022-02-24T18:35:01Z">
      <class name="com.careerhack.runners.TestRunner">
        <test-method status="PASS" signature="setUpClass()[pri:0, instance:com.careerhack.runners.TestRunner@1fe20588]" name="setUpClass" is-config="true" duration-ms="588" started-at="2022-02-24T18:35:00Z" finished-at="2022-02-24T18:35:01Z">
          <reporter-output>
          </reporter-output>
        </test-method> <!-- setUpClass -->
        <test-method status="PASS" signature="runScenario(io.cucumber.testng.PickleWrapper, io.cucumber.testng.FeatureWrapper)[pri:0, instance:com.careerhack.runners.TestRunner@1fe20588]" name="runScenario" duration-ms="306" started-at="2022-02-24T18:35:01Z" description="Runs Cucumber Scenarios" data-provider="scenarios" finished-at="2022-02-24T18:35:01Z">
          <params>
            <param index="0">
              <value>
                <![CDATA["feeling lucky - google search"]]>
              </value>
            </param>
            <param index="1">
              <value>
                <![CDATA["Optional[google search - Feeling Lucky]"]]>
              </value>
            </param>
          </params>
          <reporter-output>
          </reporter-output>
        </test-method> <!-- runScenario -->
        <test-method status="PASS" signature="runScenario(io.cucumber.testng.PickleWrapper, io.cucumber.testng.FeatureWrapper)[pri:0, instance:com.careerhack.runners.TestRunner@1fe20588]" name="runScenario" duration-ms="10" started-at="2022-02-24T18:35:01Z" description="Runs Cucumber Scenarios" data-provider="scenarios" finished-at="2022-02-24T18:35:01Z">
          <params>
            <param index="0">
              <value>
                <![CDATA["feeling lucky - google search"]]>
              </value>
            </param>
            <param index="1">
              <value>
                <![CDATA["Optional[google search - Feeling Lucky]"]]>
              </value>
            </param>
          </params>
          <reporter-output>
          </reporter-output>
        </test-method> <!-- runScenario -->
        <test-method status="PASS" signature="runScenario(io.cucumber.testng.PickleWrapper, io.cucumber.testng.FeatureWrapper)[pri:0, instance:com.careerhack.runners.TestRunner@1fe20588]" name="runScenario" duration-ms="7" started-at="2022-02-24T18:35:01Z" description="Runs Cucumber Scenarios" data-provider="scenarios" finished-at="2022-02-24T18:35:01Z">
          <params>
            <param index="0">
              <value>
                <![CDATA["Perform a simple search"]]>
              </value>
            </param>
            <param index="1">
              <value>
                <![CDATA["Optional[Google search]"]]>
              </value>
            </param>
          </params>
          <reporter-output>
          </reporter-output>
        </test-method> <!-- runScenario -->
        <test-method status="PASS" signature="runScenario(io.cucumber.testng.PickleWrapper, io.cucumber.testng.FeatureWrapper)[pri:0, instance:com.careerhack.runners.TestRunner@1fe20588]" name="runScenario" duration-ms="5" started-at="2022-02-24T18:35:01Z" description="Runs Cucumber Scenarios" data-provider="scenarios" finished-at="2022-02-24T18:35:01Z">
          <params>
            <param index="0">
              <value>
                <![CDATA["Perform a simple search"]]>
              </value>
            </param>
            <param index="1">
              <value>
                <![CDATA["Optional[Google search]"]]>
              </value>
            </param>
          </params>
          <reporter-output>
          </reporter-output>
        </test-method> <!-- runScenario -->
        <test-method status="PASS" signature="runScenario(io.cucumber.testng.PickleWrapper, io.cucumber.testng.FeatureWrapper)[pri:0, instance:com.careerhack.runners.TestRunner@1fe20588]" name="runScenario" duration-ms="7" started-at="2022-02-24T18:35:01Z" description="Runs Cucumber Scenarios" data-provider="scenarios" finished-at="2022-02-24T18:35:01Z">
          <params>
            <param index="0">
              <value>
                <![CDATA["Suggested terms google search"]]>
              </value>
            </param>
            <param index="1">
              <value>
                <![CDATA["Optional[google search for suggested terms]"]]>
              </value>
            </param>
          </params>
          <reporter-output>
          </reporter-output>
        </test-method> <!-- runScenario -->
        <test-method status="PASS" signature="runScenario(io.cucumber.testng.PickleWrapper, io.cucumber.testng.FeatureWrapper)[pri:0, instance:com.careerhack.runners.TestRunner@1fe20588]" name="runScenario" duration-ms="6" started-at="2022-02-24T18:35:01Z" description="Runs Cucumber Scenarios" data-provider="scenarios" finished-at="2022-02-24T18:35:01Z">
          <params>
            <param index="0">
              <value>
                <![CDATA["Suggested terms google search"]]>
              </value>
            </param>
            <param index="1">
              <value>
                <![CDATA["Optional[google search for suggested terms]"]]>
              </value>
            </param>
          </params>
          <reporter-output>
          </reporter-output>
        </test-method> <!-- runScenario -->
        <test-method status="PASS" signature="tearDownClass()[pri:0, instance:com.careerhack.runners.TestRunner@1fe20588]" name="tearDownClass" is-config="true" duration-ms="15" started-at="2022-02-24T18:35:01Z" finished-at="2022-02-24T18:35:01Z">
          <reporter-output>
          </reporter-output>
        </test-method> <!-- tearDownClass -->
      </class> <!-- com.careerhack.runners.TestRunner -->
    </test> <!-- Nopackage -->
  </suite> <!-- Suite1 -->
</testng-results>
