<?xml version="1.0" encoding="UTF-8"?>
<testsuite xmlns:xsi="http://www.w3.org/2001/XMLSchema-instance" xsi:noNamespaceSchemaLocation="https://maven.apache.org/surefire/maven-surefire-plugin/xsd/surefire-test-report-3.0.xsd" version="3.0" name="TestSuite" time="3.672" tests="6" errors="0" skipped="0" failures="0">
  <properties>
[...]
</properties>
  <testcase name="runScenario[&quot;feeling lucky - google search&quot;, &quot;Optional[google search - Feeling Lucky]&quot;](1)" classname="com.careerhack.runners.TestRunner" time="0.305">
    <system-out><![CDATA[[TestNGContentHandler] [WARN] It is strongly recommended to add "<!DOCTYPE suite SYSTEM "http://testng.org/testng-1.0.dtd" >" at the top of your file, otherwise TestNG may fail or not work as expected.
]]></system-out>
  </testcase>
  <testcase name="runScenario[&quot;feeling lucky - google search&quot;, &quot;Optional[google search - Feeling Lucky]&quot;](2)" classname="com.careerhack.runners.TestRunner" time="0.008"/>
  <testcase name="runScenario[&quot;Perform a simple search&quot;, &quot;Optional[Google search]&quot;](3)" classname="com.careerhack.runners.TestRunner" time="0.005"/>
  <testcase name="runScenario[&quot;Perform a simple search&quot;, &quot;Optional[Google search]&quot;](4)" classname="com.careerhack.runners.TestRunner" time="0.006"/>
  <testcase name="runScenario[&quot;Suggested terms google search&quot;, &quot;Optional[google search for suggested terms]&quot;](5)" classname="com.careerhack.runners.TestRunner" time="0.007"/>
  <testcase name="runScenario[&quot;Suggested terms google search&quot;, &quot;Optional[google search for suggested terms]&quot;](6)" classname="com.careerhack.runners.TestRunner" time="0.005"/>
</testsuite>